<?xml version="1.0" encoding="UTF-8"?>
<!-- Generated by org.testng.reporters.JUnitReportReporter -->
<testsuite hostname="DESKTOP-FBNLL70" failures="0" tests="1" name="practice.TestNGpractice" time="0.013" errors="0" timestamp="2025-08-14T10:40:21 IST" skipped="0">
  <testcase classname="practice.TestNGpractice" name="sampleTest" time="0.013"/>
</testsuite> <!-- practice.TestNGpractice -->
